c:\dev\richard\solutions\bin\release\engine\engine.pdb
c:\dev\richard\solutions\obj\release\engine\logger.obj
c:\dev\richard\solutions\obj\release\engine\errorchecker.obj
c:\dev\richard\solutions\obj\release\engine\gameobjectmanager.obj
c:\dev\richard\solutions\obj\release\engine\gameobject.obj
c:\dev\richard\solutions\obj\release\engine\mouse.obj
c:\dev\richard\solutions\obj\release\engine\keyboard.obj
c:\dev\richard\solutions\obj\release\engine\window.obj
c:\dev\richard\solutions\obj\release\engine\texture.obj
c:\dev\richard\solutions\obj\release\engine\shader.obj
c:\dev\richard\solutions\obj\release\engine\rendertexture.obj
c:\dev\richard\solutions\obj\release\engine\rendermesh.obj
c:\dev\richard\solutions\obj\release\engine\renderer.obj
c:\dev\richard\solutions\obj\release\engine\mesh.obj
c:\dev\richard\solutions\obj\release\engine\engine.obj
c:\dev\richard\solutions\bin\release\engine\engine.lib
c:\dev\richard\solutions\obj\release\engine\engine.tlog\cl.command.1.tlog
c:\dev\richard\solutions\obj\release\engine\engine.tlog\cl.items.tlog
c:\dev\richard\solutions\obj\release\engine\engine.tlog\cl.read.1.tlog
c:\dev\richard\solutions\obj\release\engine\engine.tlog\cl.write.1.tlog
c:\dev\richard\solutions\obj\release\engine\engine.tlog\lib-link.read.1.tlog
c:\dev\richard\solutions\obj\release\engine\engine.tlog\lib-link.write.1.tlog
c:\dev\richard\solutions\obj\release\engine\engine.tlog\lib.command.1.tlog
